 
[INFO] Downloading https://www.instagram.com/reel/DI3clc3i7Fz/?igsh=bDJpb3Z6d3I4a2Rv as DI3clc3i7Fz.mp4...
[OK] Saved to /home/sagar/Documents/automater/Downloads/videos/DI3clc3i7Fz.mp4
[INFO] Downloading https://www.instagram.com/reel/DFdfJHOMu4n/?igsh=NXJrNnFvaGY1a2Jy as DFdfJHOMu4n.mp4...
[OK] Saved to /home/sagar/Documents/automater/Downloads/videos/DFdfJHOMu4n.mp4
[INFO] Downloading https://www.instagram.com/reel/DI3clc3i7Fz/?igsh=bDJpb3Z6d3I4a2Rv as DI3clc3i7Fz.mp4...
[OK] Saved to /home/sagar/Documents/automater/Downloads/videos/DI3clc3i7Fz.mp4
[INFO] Downloading https://www.instagram.com/reel/DKWAoveSsmP/?igsh=MW84Z2l4aWlld2JpZA== as DKWAoveSsmP.mp4...
[OK] Saved to /home/sagar/Documents/automater/Downloads/videos/DKWAoveSsmP.mp4
[INFO] Downloading https://www.instagram.com/reel/DKWAoveSsmP/?igsh=MW84Z2l4aWlld2JpZA== as DKWAoveSsmP.mp4...
[OK] Saved to /home/sagar/Documents/automater/Downloads/videos/DKWAoveSsmP.mp4
[INFO] Downloading https://www.instagram.com/reel/DKocgonzxeg/?igsh=MW9zbXB5cXdrbWxjbA== as DKocgonzxeg.mp4...
[OK] Saved to /home/sagar/Documents/automater/Downloads/videos/DKocgonzxeg.mp4
[INFO] Downloading https://www.instagram.com/reel/DKpBymQzPI_/?igsh=MXFrbjVua2hpYmxwdw== as DKpBymQzPI_.mp4...
[OK] Saved to /home/sagar/Documents/automater/Downloads/videos/DKpBymQzPI_.mp4
[INFO] Downloading https://www.instagram.com/reel/DKpBymQzPI_/?igsh=MXFrbjVua2hpYmxwdw== as DKpBymQzPI_.mp4...
[OK] Saved to /home/sagar/Documents/automater/Downloads/videos/DKpBymQzPI_.mp4
[INFO] Downloading https://www.instagram.com/reel/DITy8iWpoAo/?igsh=MTdlbG0yN2lnZjZjZw== as DITy8iWpoAo.mp4...
[OK] Saved to /home/sagar/Documents/automater/Downloads/videos/DITy8iWpoAo.mp4
[INFO] Downloading https://www.instagram.com/reel/DFLg1cXMU4X/?igsh=cWY5cmpoZHZ0dnVs as DFLg1cXMU4X.mp4...
[OK] Saved to /home/sagar/Documents/automater/Downloads/videos/DFLg1cXMU4X.mp4
[INFO] Downloading https://www.instagram.com/reel/DIt-NAwMhyU/?igsh=ZDZrbGNkYWljZmZj as DIt-NAwMhyU.mp4...
[OK] Saved to /home/sagar/Documents/automater/Downloads/videos/DIt-NAwMhyU.mp4
[INFO] Downloading https://www.instagram.com/reel/DITy8iWpoAo/?igsh=MTdlbG0yN2lnZjZjZw== as DITy8iWpoAo.mp4...
[OK] Saved to /home/sagar/Documents/automater/Downloads/videos/DITy8iWpoAo.mp4
